<?xml version="1.0" encoding="UTF-8"?>
<!-- Generated by org.testng.reporters.JUnitXMLReporter -->
<testsuite hostname="AMCHLT211" ignored="1" name="Default test" tests="1" failures="0" timestamp="27 Feb 2019 19:16:19 GMT" time="55.939" errors="0">
  <testcase name="getVAData" time="18.189" classname="com.craigListJob.CraigListVA"/>
  <testcase name="loopThroughData" time="0.0" classname="com.craigListJob.CraigListVA">
    <ignored/>
  </testcase> <!-- loopThroughData -->
</testsuite> <!-- Default test -->
